2022/03/25 14:36:38 db.go:37: Database Connected Successfully...
2022/03/25 14:36:38 server.go:34: Server Started at Port:9090
2022/03/25 15:50:28 db.go:36: Database Connected Successfully...
2022/03/25 15:50:28 server.go:34: Server Started at Port:9090
2022/03/25 16:08:35 db.go:36: Database Connected Successfully...
2022/03/25 16:08:35 server.go:34: Server Started at Port:9090
2022/03/25 17:59:52 db.go:36: Database Connected Successfully...
2022/03/25 17:59:52 server.go:34: Server Started at Port:9090
2022/03/25 18:00:07 logs.go:93: {"time_stamp":"2022-03-25T18:00:07+01:00","level":"INFO","message":"Getting products by reference : 83cbdd31-34d1-4614-b90e-83f777128e73 ..."}
2022/03/25 18:15:57 logs.go:74: {"time_stamp":"2022-03-25T18:15:57+01:00","version":"1","level":"INFO","level_value":0,"statuscode":"200","message":"OK:No errors found","logger_name":"","app_name":"Payment-Gateway","path":"/api/v1/create-product","method":"POST","x-correlation-id":"890f3158-7d19-45f0-b9bd-ea57a75e44d6","user-agent":"PostmanRuntime/7.29.0","x-response-time":"180ns","x-application-host":"localhost:9090","remote_ip":"::1"}
2022/03/25 18:15:57 logs.go:93: {"time_stamp":"2022-03-25T18:15:57+01:00","level":"INFO","message":"Creating products : \u0026{{ 0001-01-01 00:00:00 +0000 UTC 0001-01-01 00:00:00 +0000 UTC} 64ea5f4f-d840-4bf0-ab4c-15ac6fe798a2 samsung mac-book pro m1 2021 15000 5 INSTOCK} ..."}
2022/03/25 18:15:57 storeRepository.go:26: product created
2022/03/25 18:15:57 storeRepository.go:30: COMMENT HERE &{{e3bbf4e4-f6ff-4186-bbe8-0de287246c6b 0001-01-01 00:00:00 +0000 UTC 2022-03-25 18:15:57.277686 +0100 WAT} 64ea5f4f-d840-4bf0-ab4c-15ac6fe798a2 samsung mac-book pro m1 2021 15000 5 INSTOCK}
2022/03/25 18:16:17 logs.go:93: {"time_stamp":"2022-03-25T18:16:17+01:00","level":"INFO","message":"Getting products by reference : 64ea5f4f-d840-4bf0-ab4c-15ac6fe798a2 ..."}
2022/03/25 18:23:24 db.go:36: Database Connected Successfully...
2022/03/25 18:23:24 server.go:34: Server Started at Port:9090
2022/03/25 18:33:21 db.go:36: Database Connected Successfully...
2022/03/25 18:33:21 server.go:34: Server Started at Port:9090
2022/03/25 18:43:18 db.go:36: Database Connected Successfully...
2022/03/25 18:43:18 server.go:34: Server Started at Port:9090
2022/03/25 18:48:23 db.go:36: Database Connected Successfully...
2022/03/25 18:48:23 server.go:34: Server Started at Port:9090
2022/03/25 19:16:35 logs.go:93: {"time_stamp":"2022-03-25T19:16:35+01:00","level":"INFO","message":"Database Connected Successfully..."}
2022/03/25 19:16:35 server.go:34: Server Started at Port:9090
